<?xml version="1.0" encoding="UTF-8"?>
<testng-results skipped="0" failed="0" ignored="0" total="2" passed="2">
  <reporter-output>
  </reporter-output>
  <suite name="Suite" duration-ms="12702" started-at="2020-10-12T18:49:53Z" finished-at="2020-10-12T18:50:06Z">
    <groups>
    </groups>
    <test name="Unit Test" duration-ms="12702" started-at="2020-10-12T18:49:53Z" finished-at="2020-10-12T18:50:06Z">
      <class name="com.demo.test.Demo">
        <test-method status="PASS" signature="SetUP()[pri:0, instance:com.demo.test.Demo@3c0a50da]" name="SetUP" is-config="true" duration-ms="5669" started-at="2020-10-12T18:49:53Z" finished-at="2020-10-12T18:49:59Z">
          <reporter-output>
          </reporter-output>
        </test-method> <!-- SetUP -->
        <test-method status="PASS" signature="openURL()[pri:0, instance:com.demo.test.Demo@3c0a50da]" name="openURL" duration-ms="2846" started-at="2020-10-12T18:49:59Z" finished-at="2020-10-12T18:50:02Z">
          <reporter-output>
          </reporter-output>
        </test-method> <!-- openURL -->
        <test-method status="PASS" signature="printHello()[pri:0, instance:com.demo.test.Demo@3c0a50da]" name="printHello" duration-ms="0" started-at="2020-10-12T18:50:02Z" finished-at="2020-10-12T18:50:02Z">
          <reporter-output>
          </reporter-output>
        </test-method> <!-- printHello -->
        <test-method status="PASS" signature="closeProject()[pri:0, instance:com.demo.test.Demo@3c0a50da]" name="closeProject" is-config="true" duration-ms="4154" started-at="2020-10-12T18:50:02Z" finished-at="2020-10-12T18:50:06Z">
          <reporter-output>
          </reporter-output>
        </test-method> <!-- closeProject -->
      </class> <!-- com.demo.test.Demo -->
    </test> <!-- Unit Test -->
  </suite> <!-- Suite -->
</testng-results>
