<?xml version="1.0" encoding="UTF-8"?>
<testng-results skipped="0" failed="0" ignored="0" total="2" passed="2">
  <reporter-output>
  </reporter-output>
  <suite name="Default suite" duration-ms="13312" started-at="2020-10-12T18:40:58Z" finished-at="2020-10-12T18:41:11Z">
    <groups>
    </groups>
    <test name="Default test" duration-ms="13312" started-at="2020-10-12T18:40:58Z" finished-at="2020-10-12T18:41:11Z">
      <class name="com.demo.test.Demo">
        <test-method status="PASS" signature="SetUP()[pri:0, instance:com.demo.test.Demo@4034c28c]" name="SetUP" is-config="true" duration-ms="5990" started-at="2020-10-12T18:40:58Z" finished-at="2020-10-12T18:41:04Z">
          <reporter-output>
          </reporter-output>
        </test-method> <!-- SetUP -->
        <test-method status="PASS" signature="openURL()[pri:0, instance:com.demo.test.Demo@4034c28c]" name="openURL" duration-ms="3197" started-at="2020-10-12T18:41:04Z" finished-at="2020-10-12T18:41:07Z">
          <reporter-output>
          </reporter-output>
        </test-method> <!-- openURL -->
        <test-method status="PASS" signature="printHello()[pri:0, instance:com.demo.test.Demo@4034c28c]" name="printHello" duration-ms="1" started-at="2020-10-12T18:41:07Z" finished-at="2020-10-12T18:41:07Z">
          <reporter-output>
          </reporter-output>
        </test-method> <!-- printHello -->
        <test-method status="PASS" signature="closeProject()[pri:0, instance:com.demo.test.Demo@4034c28c]" name="closeProject" is-config="true" duration-ms="4095" started-at="2020-10-12T18:41:07Z" finished-at="2020-10-12T18:41:11Z">
          <reporter-output>
          </reporter-output>
        </test-method> <!-- closeProject -->
      </class> <!-- com.demo.test.Demo -->
    </test> <!-- Default test -->
  </suite> <!-- Default suite -->
</testng-results>
